<?xml version="1.0" encoding="UTF-8"?>
<!-- Generated by org.testng.reporters.JUnitReportReporter -->
<testsuite hostname="idea-PC" name="UnderstandingTestNGFramework.Xyz" tests="3" failures="0" timestamp="11 Sep 2017 17:11:21 GMT" time="0.020" errors="0">
  <testcase name="deleteaddproduct" time="0.006" classname="UnderstandingTestNGFramework.Xyz"/>
  <testcase name="deleteaddvendor" time="0.008" classname="UnderstandingTestNGFramework.Xyz"/>
  <testcase name="deleteaddcurrency" time="0.006" classname="UnderstandingTestNGFramework.Xyz"/>
</testsuite> <!-- UnderstandingTestNGFramework.Xyz -->
