<?xml version="1.0" encoding="UTF-8"?>
<!-- Generated by org.testng.reporters.JUnitReportReporter -->
<testsuite hostname="idea-PC" name="UnderstandingTestNGFramework.Abcd" tests="3" failures="0" timestamp="11 Sep 2017 17:11:20 GMT" time="0.040" errors="0">
  <testcase name="addproduct" time="0.007" classname="UnderstandingTestNGFramework.Abcd"/>
  <testcase name="addcurrency" time="0.004" classname="UnderstandingTestNGFramework.Abcd"/>
  <testcase name="addvendor" time="0.029" classname="UnderstandingTestNGFramework.Abcd"/>
</testsuite> <!-- UnderstandingTestNGFramework.Abcd -->
