<?xml version="1.0" encoding="UTF-8"?>
<!-- Generated by org.testng.reporters.JUnitReportReporter -->
<testsuite hostname="idea-PC" name="Basics.Dropdown_divtab_Bootstrapdropdown" tests="1" failures="0" timestamp="15 Aug 2017 11:22:15 GMT" time="21.707" errors="0">
  <testcase name="Bootstrapdd" time="21.707" classname="Basics.Dropdown_divtab_Bootstrapdropdown"/>
</testsuite> <!-- Basics.Dropdown_divtab_Bootstrapdropdown -->
