<?xml version="1.0" encoding="UTF-8"?>
<!-- Generated by org.testng.reporters.JUnitReportReporter -->
<testsuite hostname="idea-PC" name="Facebookscreenshot.CaptureScreenshot" tests="1" failures="0" timestamp="10 Nov 2017 12:00:57 GMT" time="17.280" errors="0">
  <testcase name="f" time="17.280" classname="Facebookscreenshot.CaptureScreenshot"/>
</testsuite> <!-- Facebookscreenshot.CaptureScreenshot -->
